{"timestamp": "2026-06-30T02:11:41.949262Z", "level": "INFO", "service": "mediflow-agent", "message": "/health", "context": {"method": "GET", "latency_ms": 2.61, "status": 200, "session_id": "anon"}}
{"timestamp": "2026-06-30T02:11:41.961907Z", "level": "INFO", "service": "mediflow-agent", "message": "/assistant", "context": {"method": "POST", "latency_ms": 6.7, "status": 422, "session_id": "anon"}}
{"timestamp": "2026-06-30T02:11:42.295405Z", "level": "INFO", "service": "mediflow-agent", "message": "/assistant", "context": {"method": "POST", "latency_ms": 1.56, "status": 422, "session_id": "anon"}}
{"timestamp": "2026-06-30T02:12:18.301292Z", "level": "INFO", "service": "mediflow-agent", "message": "/assistant", "context": {"method": "POST", "latency_ms": 24.86, "status": 200, "session_id": "anon"}}
{"timestamp": "2026-06-30T02:12:26.091278Z", "level": "INFO", "service": "mediflow-agent", "message": "/health", "context": {"method": "GET", "latency_ms": 1.67, "status": 200, "session_id": "anon"}}
{"timestamp": "2026-06-30T02:12:26.100361Z", "level": "INFO", "service": "mediflow-agent", "message": "/assistant", "context": {"method": "POST", "latency_ms": 3.15, "status": 200, "session_id": "anon"}}
{"timestamp": "2026-06-30T02:14:15.147223Z", "level": "INFO", "service": "mediflow-agent", "message": "/health", "context": {"method": "GET", "latency_ms": 1.94, "status": 200, "session_id": "anon"}}
{"timestamp": "2026-06-30T02:14:15.157616Z", "level": "INFO", "service": "mediflow-agent", "message": "/assistant", "context": {"method": "POST", "latency_ms": 4.08, "status": 200, "session_id": "anon"}}
{"timestamp": "2026-06-30T02:14:37.693938Z", "level": "INFO", "service": "mediflow-agent", "message": "/health", "context": {"method": "GET", "latency_ms": 1.57, "status": 200, "session_id": "anon"}}
{"timestamp": "2026-06-30T02:14:37.702232Z", "level": "INFO", "service": "mediflow-agent", "message": "/assistant", "context": {"method": "POST", "latency_ms": 2.83, "status": 200, "session_id": "anon"}}
{"timestamp": "2026-06-30T02:15:16.750174Z", "level": "INFO", "service": "mediflow-agent", "message": "/assistant", "context": {"method": "POST", "latency_ms": 24.09, "status": 200, "session_id": "anon"}}
{"timestamp": "2026-06-30T02:15:24.146952Z", "level": "INFO", "service": "mediflow-agent", "message": "/health", "context": {"method": "GET", "latency_ms": 2.18, "status": 200, "session_id": "anon"}}
{"timestamp": "2026-06-30T02:15:24.157066Z", "level": "INFO", "service": "mediflow-agent", "message": "/assistant", "context": {"method": "POST", "latency_ms": 3.71, "status": 200, "session_id": "anon"}}
{"timestamp": "2026-06-30T02:15:24.195776Z", "level": "INFO", "service": "mediflow-agent", "message": "/assistant", "context": {"method": "POST", "latency_ms": 32.86, "status": 200, "session_id": "anon"}}
{"timestamp": "2026-06-30T02:19:24.777374Z", "level": "INFO", "service": "mediflow-agent", "message": "/auth/public-google-client-id", "context": {"method": "GET", "latency_ms": 6.78, "status": 200, "session_id": "anon"}}
{"timestamp": "2026-06-30T02:19:24.780174Z", "level": "INFO", "service": "mediflow-agent", "message": "/auth/public-google-client-id", "context": {"method": "GET", "latency_ms": 1.04, "status": 200, "session_id": "anon"}}
{"timestamp": "2026-06-30T02:19:24.795466Z", "level": "INFO", "service": "mediflow-agent", "message": "/auth/me", "context": {"method": "OPTIONS", "latency_ms": 2.46, "status": 200, "session_id": "anon"}}
{"timestamp": "2026-06-30T02:19:24.798416Z", "level": "INFO", "service": "mediflow-agent", "message": "/auth/me", "context": {"method": "OPTIONS", "latency_ms": 0.92, "status": 200, "session_id": "anon"}}
{"timestamp": "2026-06-30T02:19:24.813756Z", "level": "INFO", "service": "mediflow-agent", "message": "/auth/me", "context": {"method": "GET", "latency_ms": 13.71, "status": 401, "session_id": "anon"}}
{"timestamp": "2026-06-30T02:19:24.818107Z", "level": "INFO", "service": "mediflow-agent", "message": "/auth/me", "context": {"method": "GET", "latency_ms": 2.63, "status": 401, "session_id": "anon"}}
{"timestamp": "2026-06-30T02:20:19.233378Z", "level": "INFO", "service": "mediflow-agent", "message": "/auth/register", "context": {"method": "OPTIONS", "latency_ms": 0.87, "status": 200, "session_id": "anon"}}
{"timestamp": "2026-06-30T02:20:19.240086Z", "level": "INFO", "service": "mediflow-agent", "message": "/auth/register", "context": {"method": "POST", "latency_ms": 4.97, "status": 422, "session_id": "anon"}}
{"timestamp": "2026-06-30T02:20:25.740931Z", "level": "INFO", "service": "mediflow-agent", "message": "/auth/register", "context": {"method": "POST", "latency_ms": 1.53, "status": 422, "session_id": "anon"}}
{"timestamp": "2026-06-30T02:20:27.304944Z", "level": "INFO", "service": "mediflow-agent", "message": "/auth/register", "context": {"method": "POST", "latency_ms": 1.94, "status": 422, "session_id": "anon"}}
{"timestamp": "2026-06-30T02:20:28.648429Z", "level": "INFO", "service": "mediflow-agent", "message": "/auth/register", "context": {"method": "POST", "latency_ms": 2.33, "status": 422, "session_id": "anon"}}
{"timestamp": "2026-06-30T02:20:30.216657Z", "level": "INFO", "service": "mediflow-agent", "message": "/auth/register", "context": {"method": "POST", "latency_ms": 1.9, "status": 422, "session_id": "anon"}}
{"timestamp": "2026-06-30T02:20:33.081005Z", "level": "INFO", "service": "mediflow-agent", "message": "/auth/register", "context": {"method": "POST", "latency_ms": 1.81, "status": 422, "session_id": "anon"}}
{"timestamp": "2026-06-30T02:20:38.385122Z", "level": "INFO", "service": "mediflow-agent", "message": "/auth/register", "context": {"method": "POST", "latency_ms": 2.17, "status": 422, "session_id": "anon"}}
{"timestamp": "2026-06-30T02:20:40.400523Z", "level": "INFO", "service": "mediflow-agent", "message": "/auth/register", "context": {"method": "POST", "latency_ms": 1.59, "status": 422, "session_id": "anon"}}
{"timestamp": "2026-06-30T02:20:43.423707Z", "level": "INFO", "service": "mediflow-agent", "message": "/auth/register", "context": {"method": "POST", "latency_ms": 1.85, "status": 422, "session_id": "anon"}}
{"timestamp": "2026-06-30T02:23:12.750299Z", "level": "INFO", "service": "mediflow-agent", "message": "/auth/register", "context": {"method": "POST", "latency_ms": 5.68, "status": 422, "session_id": "anon"}}
{"timestamp": "2026-06-30T02:23:15.607211Z", "level": "INFO", "service": "mediflow-agent", "message": "/auth/public-google-client-id", "context": {"method": "GET", "latency_ms": 1.45, "status": 200, "session_id": "anon"}}
{"timestamp": "2026-06-30T02:23:15.609721Z", "level": "INFO", "service": "mediflow-agent", "message": "/auth/public-google-client-id", "context": {"method": "GET", "latency_ms": 1.06, "status": 200, "session_id": "anon"}}
{"timestamp": "2026-06-30T02:23:39.798941Z", "level": "INFO", "service": "mediflow-agent", "message": "/auth/register", "context": {"method": "POST", "latency_ms": 1.93, "status": 422, "session_id": "anon"}}
{"timestamp": "2026-06-30T02:23:41.150074Z", "level": "INFO", "service": "mediflow-agent", "message": "/auth/register", "context": {"method": "POST", "latency_ms": 1.51, "status": 422, "session_id": "anon"}}
{"timestamp": "2026-06-30T02:23:58.388544Z", "level": "INFO", "service": "mediflow-agent", "message": "/auth/register", "context": {"method": "POST", "latency_ms": 3.86, "status": 422, "session_id": "anon"}}
{"timestamp": "2026-06-30T02:23:59.735402Z", "level": "INFO", "service": "mediflow-agent", "message": "/auth/register", "context": {"method": "POST", "latency_ms": 1.95, "status": 422, "session_id": "anon"}}
{"timestamp": "2026-06-30T02:24:00.454444Z", "level": "INFO", "service": "mediflow-agent", "message": "/auth/register", "context": {"method": "POST", "latency_ms": 1.59, "status": 422, "session_id": "anon"}}
{"timestamp": "2026-06-30T02:24:00.663278Z", "level": "INFO", "service": "mediflow-agent", "message": "/auth/register", "context": {"method": "POST", "latency_ms": 2.16, "status": 422, "session_id": "anon"}}
{"timestamp": "2026-06-30T02:24:06.014081Z", "level": "INFO", "service": "mediflow-agent", "message": "/auth/login", "context": {"method": "OPTIONS", "latency_ms": 0.88, "status": 200, "session_id": "anon"}}
{"timestamp": "2026-06-30T02:24:14.668121Z", "level": "INFO", "service": "mediflow-agent", "message": "/auth/register", "context": {"method": "POST", "latency_ms": 1.8, "status": 422, "session_id": "anon"}}
{"timestamp": "2026-06-30T02:24:55.989592Z", "level": "INFO", "service": "mediflow-agent", "message": "/auth/public-google-client-id", "context": {"method": "GET", "latency_ms": 1.78, "status": 200, "session_id": "anon"}}
{"timestamp": "2026-06-30T02:24:55.992727Z", "level": "INFO", "service": "mediflow-agent", "message": "/auth/public-google-client-id", "context": {"method": "GET", "latency_ms": 1.51, "status": 200, "session_id": "anon"}}
{"timestamp": "2026-06-30T02:24:57.531448Z", "level": "INFO", "service": "mediflow-agent", "message": "/auth/public-google-client-id", "context": {"method": "GET", "latency_ms": 1.17, "status": 200, "session_id": "anon"}}
{"timestamp": "2026-06-30T02:24:57.534082Z", "level": "INFO", "service": "mediflow-agent", "message": "/auth/public-google-client-id", "context": {"method": "GET", "latency_ms": 0.96, "status": 200, "session_id": "anon"}}
{"timestamp": "2026-06-30T02:25:22.407427Z", "level": "INFO", "service": "mediflow-agent", "message": "/auth/register", "context": {"method": "POST", "latency_ms": 1.43, "status": 422, "session_id": "anon"}}
{"timestamp": "2026-06-30T02:25:33.029135Z", "level": "INFO", "service": "mediflow-agent", "message": "/auth/register", "context": {"method": "POST", "latency_ms": 1.76, "status": 422, "session_id": "anon"}}
{"timestamp": "2026-06-30T02:25:38.013155Z", "level": "INFO", "service": "mediflow-agent", "message": "/auth/register", "context": {"method": "POST", "latency_ms": 1.59, "status": 422, "session_id": "anon"}}
{"timestamp": "2026-06-30T02:25:45.522840Z", "level": "INFO", "service": "mediflow-agent", "message": "/auth/register", "context": {"method": "POST", "latency_ms": 2.02, "status": 422, "session_id": "anon"}}
{"timestamp": "2026-06-30T02:36:03.401481Z", "level": "INFO", "service": "mediflow-agent", "message": "/auth/public-google-client-id", "context": {"method": "GET", "latency_ms": 4.66, "status": 200, "session_id": "anon"}}
{"timestamp": "2026-06-30T02:36:03.404262Z", "level": "INFO", "service": "mediflow-agent", "message": "/auth/public-google-client-id", "context": {"method": "GET", "latency_ms": 1.14, "status": 200, "session_id": "anon"}}
{"timestamp": "2026-06-30T02:36:21.631226Z", "level": "INFO", "service": "mediflow-agent", "message": "/auth/register", "context": {"method": "OPTIONS", "latency_ms": 1.34, "status": 200, "session_id": "anon"}}
{"timestamp": "2026-06-30T02:36:21.854259Z", "level": "INFO", "service": "mediflow-agent", "message": "/auth/register", "context": {"method": "POST", "latency_ms": 220.97, "status": 200, "session_id": "anon"}}
{"timestamp": "2026-06-30T02:36:21.857620Z", "level": "INFO", "service": "mediflow-agent", "message": "/appointments", "context": {"method": "OPTIONS", "latency_ms": 0.62, "status": 200, "session_id": "anon"}}
{"timestamp": "2026-06-30T02:36:21.875636Z", "level": "INFO", "service": "mediflow-agent", "message": "/appointments", "context": {"method": "GET", "latency_ms": 16.03, "status": 200, "session_id": "anon"}}
{"timestamp": "2026-06-30T02:36:21.978723Z", "level": "INFO", "service": "mediflow-agent", "message": "/risk-alerts", "context": {"method": "OPTIONS", "latency_ms": 0.7, "status": 200, "session_id": "anon"}}
{"timestamp": "2026-06-30T02:36:21.989993Z", "level": "INFO", "service": "mediflow-agent", "message": "/risk-alerts", "context": {"method": "GET", "latency_ms": 9.68, "status": 200, "session_id": "anon"}}
{"timestamp": "2026-06-30T02:36:51.181763Z", "level": "INFO", "service": "mediflow-agent", "message": "/assistant", "context": {"method": "OPTIONS", "latency_ms": 1.0, "status": 200, "session_id": "anon"}}
{"timestamp": "2026-06-30T02:36:51.189680Z", "level": "INFO", "service": "mediflow-agent", "message": "/assistant", "context": {"method": "POST", "latency_ms": 5.75, "status": 200, "session_id": "anon"}}
{"timestamp": "2026-07-09T18:22:44.229667Z", "level": "INFO", "service": "mediflow-agent", "message": "/auth/public-google-client-id", "context": {"method": "GET", "latency_ms": 5.21, "status": 200, "session_id": "anon"}}
{"timestamp": "2026-07-09T18:22:44.232860Z", "level": "INFO", "service": "mediflow-agent", "message": "/auth/public-google-client-id", "context": {"method": "GET", "latency_ms": 1.67, "status": 200, "session_id": "anon"}}
{"timestamp": "2026-07-09T18:22:44.247069Z", "level": "INFO", "service": "mediflow-agent", "message": "/auth/me", "context": {"method": "OPTIONS", "latency_ms": 0.91, "status": 200, "session_id": "anon"}}
{"timestamp": "2026-07-09T18:22:44.249474Z", "level": "INFO", "service": "mediflow-agent", "message": "/auth/me", "context": {"method": "OPTIONS", "latency_ms": 0.94, "status": 200, "session_id": "anon"}}
{"timestamp": "2026-07-09T18:22:44.255455Z", "level": "INFO", "service": "mediflow-agent", "message": "/auth/me", "context": {"method": "GET", "latency_ms": 4.79, "status": 401, "session_id": "anon"}}
{"timestamp": "2026-07-09T18:22:44.259426Z", "level": "INFO", "service": "mediflow-agent", "message": "/auth/me", "context": {"method": "GET", "latency_ms": 2.54, "status": 401, "session_id": "anon"}}
{"timestamp": "2026-07-09T18:23:09.614112Z", "level": "INFO", "service": "mediflow-agent", "message": "/auth/register", "context": {"method": "OPTIONS", "latency_ms": 1.0, "status": 200, "session_id": "anon"}}
{"timestamp": "2026-07-09T18:23:09.820137Z", "level": "INFO", "service": "mediflow-agent", "message": "/auth/register", "context": {"method": "POST", "latency_ms": 204.59, "status": 200, "session_id": "anon"}}
{"timestamp": "2026-07-09T18:23:09.823512Z", "level": "INFO", "service": "mediflow-agent", "message": "/appointments", "context": {"method": "OPTIONS", "latency_ms": 0.72, "status": 200, "session_id": "anon"}}
{"timestamp": "2026-07-09T18:23:09.838807Z", "level": "INFO", "service": "mediflow-agent", "message": "/appointments", "context": {"method": "GET", "latency_ms": 13.9, "status": 200, "session_id": "anon"}}
{"timestamp": "2026-07-09T18:24:55.000918Z", "level": "INFO", "service": "mediflow-agent", "message": "/auth/public-google-client-id", "context": {"method": "GET", "latency_ms": 4.59, "status": 200, "session_id": "anon"}}
{"timestamp": "2026-07-09T18:24:55.003354Z", "level": "INFO", "service": "mediflow-agent", "message": "/auth/public-google-client-id", "context": {"method": "GET", "latency_ms": 1.12, "status": 200, "session_id": "anon"}}
{"timestamp": "2026-07-09T18:24:55.018489Z", "level": "INFO", "service": "mediflow-agent", "message": "/auth/me", "context": {"method": "GET", "latency_ms": 11.49, "status": 200, "session_id": "anon"}}
{"timestamp": "2026-07-09T18:24:55.022581Z", "level": "INFO", "service": "mediflow-agent", "message": "/auth/me", "context": {"method": "GET", "latency_ms": 2.64, "status": 200, "session_id": "anon"}}
{"timestamp": "2026-07-09T18:24:55.037082Z", "level": "INFO", "service": "mediflow-agent", "message": "/appointments", "context": {"method": "GET", "latency_ms": 13.46, "status": 200, "session_id": "anon"}}
{"timestamp": "2026-07-09T18:24:55.042086Z", "level": "INFO", "service": "mediflow-agent", "message": "/appointments", "context": {"method": "GET", "latency_ms": 3.6, "status": 200, "session_id": "anon"}}
{"timestamp": "2026-07-09T18:24:55.043892Z", "level": "INFO", "service": "mediflow-agent", "message": "/risk-alerts", "context": {"method": "OPTIONS", "latency_ms": 0.68, "status": 200, "session_id": "anon"}}
{"timestamp": "2026-07-09T18:24:55.045429Z", "level": "INFO", "service": "mediflow-agent", "message": "/risk-alerts", "context": {"method": "OPTIONS", "latency_ms": 0.54, "status": 200, "session_id": "anon"}}
{"timestamp": "2026-07-09T18:24:55.051829Z", "level": "INFO", "service": "mediflow-agent", "message": "/risk-alerts", "context": {"method": "GET", "latency_ms": 5.46, "status": 200, "session_id": "anon"}}
{"timestamp": "2026-07-09T18:24:55.055284Z", "level": "INFO", "service": "mediflow-agent", "message": "/risk-alerts", "context": {"method": "GET", "latency_ms": 2.2, "status": 200, "session_id": "anon"}}
{"timestamp": "2026-07-09T18:40:00.300772Z", "level": "INFO", "service": "mediflow-agent", "message": "/auth/public-google-client-id", "context": {"method": "GET", "latency_ms": 3.91, "status": 200, "session_id": "anon"}}
{"timestamp": "2026-07-09T18:40:00.302775Z", "level": "INFO", "service": "mediflow-agent", "message": "/auth/public-google-client-id", "context": {"method": "GET", "latency_ms": 0.83, "status": 200, "session_id": "anon"}}
{"timestamp": "2026-07-09T18:40:00.314995Z", "level": "INFO", "service": "mediflow-agent", "message": "/auth/me", "context": {"method": "OPTIONS", "latency_ms": 0.94, "status": 200, "session_id": "anon"}}
{"timestamp": "2026-07-09T18:40:00.316715Z", "level": "INFO", "service": "mediflow-agent", "message": "/auth/me", "context": {"method": "OPTIONS", "latency_ms": 0.62, "status": 200, "session_id": "anon"}}
{"timestamp": "2026-07-09T18:40:00.320928Z", "level": "INFO", "service": "mediflow-agent", "message": "/auth/me", "context": {"method": "GET", "latency_ms": 3.32, "status": 401, "session_id": "anon"}}
{"timestamp": "2026-07-09T18:40:00.323833Z", "level": "INFO", "service": "mediflow-agent", "message": "/auth/me", "context": {"method": "GET", "latency_ms": 1.79, "status": 401, "session_id": "anon"}}
{"timestamp": "2026-07-09T18:40:19.271665Z", "level": "INFO", "service": "mediflow-agent", "message": "/auth/login", "context": {"method": "OPTIONS", "latency_ms": 0.67, "status": 200, "session_id": "anon"}}
{"timestamp": "2026-07-09T18:40:19.467355Z", "level": "INFO", "service": "mediflow-agent", "message": "/auth/login", "context": {"method": "POST", "latency_ms": 194.47, "status": 200, "session_id": "anon"}}
{"timestamp": "2026-07-09T18:40:19.471140Z", "level": "INFO", "service": "mediflow-agent", "message": "/appointments", "context": {"method": "OPTIONS", "latency_ms": 0.86, "status": 200, "session_id": "anon"}}
{"timestamp": "2026-07-09T18:40:19.488116Z", "level": "INFO", "service": "mediflow-agent", "message": "/appointments", "context": {"method": "GET", "latency_ms": 15.68, "status": 200, "session_id": "anon"}}
{"timestamp": "2026-07-09T18:42:38.182898Z", "level": "INFO", "service": "mediflow-agent", "message": "/assistant", "context": {"method": "OPTIONS", "latency_ms": 0.81, "status": 200, "session_id": "anon"}}
{"timestamp": "2026-07-09T18:42:38.212737Z", "level": "INFO", "service": "mediflow-agent", "message": "/assistant", "context": {"method": "POST", "latency_ms": 28.5, "status": 200, "session_id": "anon"}}
{"timestamp": "2026-07-09T18:43:10.129034Z", "level": "INFO", "service": "mediflow-agent", "message": "/assistant", "context": {"method": "POST", "latency_ms": 4.39, "status": 200, "session_id": "anon"}}
{"timestamp": "2026-07-09T18:43:10.711501Z", "level": "INFO", "service": "mediflow-agent", "message": "/assistant", "context": {"method": "POST", "latency_ms": 2.71, "status": 200, "session_id": "anon"}}
{"timestamp": "2026-07-09T18:43:11.031206Z", "level": "INFO", "service": "mediflow-agent", "message": "/assistant", "context": {"method": "POST", "latency_ms": 2.57, "status": 200, "session_id": "anon"}}
{"timestamp": "2026-07-09T18:43:11.223101Z", "level": "INFO", "service": "mediflow-agent", "message": "/assistant", "context": {"method": "POST", "latency_ms": 2.5, "status": 200, "session_id": "anon"}}
{"timestamp": "2026-07-09T18:43:11.393220Z", "level": "INFO", "service": "mediflow-agent", "message": "/assistant", "context": {"method": "POST", "latency_ms": 3.32, "status": 200, "session_id": "anon"}}
{"timestamp": "2026-07-09T18:43:11.543349Z", "level": "INFO", "service": "mediflow-agent", "message": "/assistant", "context": {"method": "POST", "latency_ms": 2.42, "status": 200, "session_id": "anon"}}
{"timestamp": "2026-07-09T18:43:11.695959Z", "level": "INFO", "service": "mediflow-agent", "message": "/assistant", "context": {"method": "POST", "latency_ms": 2.58, "status": 200, "session_id": "anon"}}
{"timestamp": "2026-07-09T18:43:11.831439Z", "level": "INFO", "service": "mediflow-agent", "message": "/assistant", "context": {"method": "POST", "latency_ms": 2.41, "status": 200, "session_id": "anon"}}
{"timestamp": "2026-07-09T18:43:14.012538Z", "level": "INFO", "service": "mediflow-agent", "message": "/auth/public-google-client-id", "context": {"method": "GET", "latency_ms": 2.82, "status": 200, "session_id": "anon"}}
{"timestamp": "2026-07-09T18:43:39.784638Z", "level": "INFO", "service": "mediflow-agent", "message": "/auth/login", "context": {"method": "POST", "latency_ms": 202.07, "status": 401, "session_id": "anon"}}
{"timestamp": "2026-07-09T18:43:58.642381Z", "level": "INFO", "service": "mediflow-agent", "message": "/auth/register", "context": {"method": "OPTIONS", "latency_ms": 0.97, "status": 200, "session_id": "anon"}}
{"timestamp": "2026-07-09T18:45:39.412141Z", "level": "INFO", "service": "mediflow-agent", "message": "/auth/public-google-client-id", "context": {"method": "GET", "latency_ms": 1.33, "status": 200, "session_id": "anon"}}
{"timestamp": "2026-07-09T18:45:39.415878Z", "level": "INFO", "service": "mediflow-agent", "message": "/auth/public-google-client-id", "context": {"method": "GET", "latency_ms": 0.85, "status": 200, "session_id": "anon"}}
